[2025/03/13 14:40:54]: §9          __             _       
[2025/03/13 14:40:54]: §9  _ __   / /  ___   __ _(_)_ __  
[2025/03/13 14:40:54]: §9 | '_ \ / /  / _ \ / _` | | '_ \ 
[2025/03/13 14:40:54]: §9 | | | / /__| (_) | (_| | | | | |
[2025/03/13 14:40:54]: §9 |_| |_\____/\___/ \__, |_|_| |_|
[2025/03/13 14:40:54]: §9                  |___/            
[2025/03/13 14:40:54]: §9 By: www.nickuc.com - V 10.3.27
[2025/03/13 14:40:54]: §9 
[2025/03/13 14:40:55]: §3[nLogin] [DEBUG] All settings were loaded in 98 ms.
[2025/03/13 14:40:55]: §3[nLogin] [DEBUG] Loading the messages_en.yml message file...
[2025/03/13 14:40:55]: §3[nLogin] [DEBUG] All plugin messages were loaded in 39 ms (languageByClient=false).
[2025/03/13 14:40:55]: §3[nLogin] [DEBUG] All proxy settings were loaded in 4 ms.
[2025/03/13 14:40:55]: §3[nLogin] [DEBUG] Loading database...
[2025/03/13 14:40:55]: [nLogin] Generating RSA keypair... (this may take a while)
[2025/03/13 14:40:56]: [nLogin] Download finished (took 1883ms, hash = 6c77ce3c8214b402522c06127d69415d29b44b8b2229d241799ee27510166343)
[2025/03/13 14:40:58]: [nLogin] The RSA key pair was successfully generated. Took 3.01s
[2025/03/13 14:40:58]: §3[nLogin] [DEBUG] Starting logger filter...
[2025/03/13 14:41:03]: 
[2025/03/13 14:41:03]:  §bThank you so much for choosing nLogin! §4<3
[2025/03/13 14:41:03]: 
[2025/03/13 14:41:03]:  §4For your safety, please read the message below:
[2025/03/13 14:41:03]:   §cNever download nLogin from unknown sources.
[2025/03/13 14:41:03]:   §cA modified version may contain malicious software.
[2025/03/13 14:41:03]: 
[2025/03/13 14:41:03]:  §3Trusted sources:
[2025/03/13 14:41:03]:   §bwww.nickuc.com
[2025/03/13 14:41:03]:   §bwww.github.com/nickuc
[2025/03/13 14:41:03]:   §bOpeNLogin installer (from Spigot or GitHub)
[2025/03/13 14:41:03]: 
[2025/03/13 14:41:03]:  §3Official support channels:
[2025/03/13 14:41:03]:   §bDiscord group: §fwww.nickuc.com/discord
[2025/03/13 14:41:03]:   §bDocumentation: §fdocs.nickuc.com/nlogin/
[2025/03/13 14:41:03]:   §bEmail: §fsupport@nickuc.com
[2025/03/13 14:41:03]:   §bYouTube: §fyoutube.com/nickuc
[2025/03/13 14:41:03]: 
[2025/03/13 14:41:03]:  §eTo remove this warning, log in with "nlogin.admin" permission on the server
[2025/03/13 14:41:03]:  §eand click the "Setup plugin" button to configure your plugin.
[2025/03/13 14:41:03]: 
